  Animation.cpp
c:\users\micha\documents\spacestationrescue\spacestationrescue\spacestationrescue\animation.cpp(19): warning C4244: '=': conversion from 'float' to 'T', possible loss of data
          with
          [
              T=int
          ]
c:\users\micha\documents\spacestationrescue\spacestationrescue\spacestationrescue\animation.cpp(20): warning C4244: '=': conversion from 'float' to 'T', possible loss of data
          with
          [
              T=int
          ]
  DieScreen.cpp
c:\users\micha\documents\spacestationrescue\spacestationrescue\spacestationrescue\diescreen.cpp(14): warning C4244: 'argument': conversion from 'T' to 'T', possible loss of data
          with
          [
              T=unsigned int
          ]
          and
          [
              T=float
          ]
c:\users\micha\documents\spacestationrescue\spacestationrescue\spacestationrescue\diescreen.cpp(43): warning C4244: 'argument': conversion from 'double' to 'T', possible loss of data
          with
          [
              T=float
          ]
c:\users\micha\documents\spacestationrescue\spacestationrescue\spacestationrescue\diescreen.cpp(44): warning C4244: 'argument': conversion from 'float' to 'sf::Uint8', possible loss of data
c:\users\micha\documents\spacestationrescue\spacestationrescue\spacestationrescue\diescreen.cpp(72): warning C4244: 'argument': conversion from 'float' to 'sf::Uint8', possible loss of data
c:\users\micha\documents\spacestationrescue\spacestationrescue\spacestationrescue\diescreen.cpp(80): warning C4244: 'argument': conversion from 'float' to 'sf::Uint8', possible loss of data
c:\users\micha\documents\spacestationrescue\spacestationrescue\spacestationrescue\diescreen.cpp(103): warning C4244: 'argument': conversion from 'float' to 'sf::Uint8', possible loss of data
c:\users\micha\documents\spacestationrescue\spacestationrescue\spacestationrescue\diescreen.cpp(104): warning C4244: 'argument': conversion from 'float' to 'sf::Uint8', possible loss of data
c:\users\micha\documents\spacestationrescue\spacestationrescue\spacestationrescue\diescreen.cpp(114): warning C4244: 'argument': conversion from 'float' to 'sf::Uint8', possible loss of data
c:\users\micha\documents\spacestationrescue\spacestationrescue\spacestationrescue\diescreen.cpp(115): warning C4244: 'argument': conversion from 'float' to 'sf::Uint8', possible loss of data
  Game.cpp
c:\users\micha\documents\spacestationrescue\spacestationrescue\spacestationrescue\game.cpp(33): warning C4244: 'argument': conversion from 'const unsigned int' to 'T', possible loss of data
          with
          [
              T=float
          ]
c:\users\micha\documents\spacestationrescue\spacestationrescue\spacestationrescue\game.cpp(63): warning C4244: 'argument': conversion from 'const unsigned int' to 'float', possible loss of data
c:\users\micha\documents\spacestationrescue\spacestationrescue\spacestationrescue\game.cpp(64): warning C4244: 'argument': conversion from 'const unsigned int' to 'float', possible loss of data
  Hud.cpp
  MainMenuScreen.cpp
  Missile.cpp
c:\users\micha\documents\spacestationrescue\spacestationrescue\spacestationrescue\missile.cpp(20): warning C4305: 'argument': truncation from 'double' to 'float'
c:\users\micha\documents\spacestationrescue\spacestationrescue\spacestationrescue\missile.cpp(77): warning C4244: '=': conversion from 'double' to 'float', possible loss of data
c:\users\micha\documents\spacestationrescue\spacestationrescue\spacestationrescue\missile.cpp(84): warning C4244: 'argument': conversion from 'double' to 'float', possible loss of data
  Nest.cpp
c:\users\micha\documents\spacestationrescue\spacestationrescue\spacestationrescue\nest.cpp(58): warning C4018: '<': signed/unsigned mismatch
  Player.cpp
c:\users\micha\documents\spacestationrescue\spacestationrescue\spacestationrescue\player.cpp(18): warning C4305: 'argument': truncation from 'double' to 'float'
c:\users\micha\documents\spacestationrescue\spacestationrescue\spacestationrescue\player.cpp(75): warning C4244: 'argument': conversion from 'double' to 'float', possible loss of data
c:\users\micha\documents\spacestationrescue\spacestationrescue\spacestationrescue\player.cpp(84): warning C4018: '<': signed/unsigned mismatch
c:\users\micha\documents\spacestationrescue\spacestationrescue\spacestationrescue\player.cpp(118): warning C4244: '=': conversion from 'int' to 'float', possible loss of data
c:\users\micha\documents\spacestationrescue\spacestationrescue\spacestationrescue\player.cpp(122): warning C4244: '=': conversion from 'int' to 'float', possible loss of data
c:\users\micha\documents\spacestationrescue\spacestationrescue\spacestationrescue\player.cpp(206): warning C4305: '+=': truncation from 'double' to 'float'
c:\users\micha\documents\spacestationrescue\spacestationrescue\spacestationrescue\player.cpp(217): warning C4305: '-=': truncation from 'double' to 'float'
  Predator.cpp
c:\users\micha\documents\spacestationrescue\spacestationrescue\spacestationrescue\predator.cpp(12): warning C4305: 'argument': truncation from 'double' to 'float'
c:\users\micha\documents\spacestationrescue\spacestationrescue\spacestationrescue\predator.cpp(41): warning C4305: 'argument': truncation from 'double' to 'float'
c:\users\micha\documents\spacestationrescue\spacestationrescue\spacestationrescue\predator.cpp(43): warning C4244: 'argument': conversion from 'T' to 'int', possible loss of data
          with
          [
              T=float
          ]
c:\users\micha\documents\spacestationrescue\spacestationrescue\spacestationrescue\predator.cpp(63): warning C4018: '<': signed/unsigned mismatch
c:\users\micha\documents\spacestationrescue\spacestationrescue\spacestationrescue\predator.cpp(99): warning C4244: 'argument': conversion from 'T' to 'int', possible loss of data
          with
          [
              T=float
          ]
c:\users\micha\documents\spacestationrescue\spacestationrescue\spacestationrescue\predator.cpp(171): warning C4244: 'initializing': conversion from 'double' to 'float', possible loss of data
c:\users\micha\documents\spacestationrescue\spacestationrescue\spacestationrescue\predator.cpp(194): warning C4244: 'argument': conversion from 'double' to 'float', possible loss of data
  World.cpp
c:\users\micha\documents\spacestationrescue\spacestationrescue\spacestationrescue\world.cpp(12): warning C4244: 'argument': conversion from 'time_t' to 'unsigned int', possible loss of data
c:\users\micha\documents\spacestationrescue\spacestationrescue\spacestationrescue\world.cpp(43): warning C4018: '<': signed/unsigned mismatch
c:\users\micha\documents\spacestationrescue\spacestationrescue\spacestationrescue\world.cpp(49): warning C4244: 'argument': conversion from 'const int' to 'float', possible loss of data
c:\users\micha\documents\spacestationrescue\spacestationrescue\spacestationrescue\world.cpp(76): warning C4244: 'argument': conversion from 'T' to 'int', possible loss of data
          with
          [
              T=float
          ]
c:\users\micha\documents\spacestationrescue\spacestationrescue\spacestationrescue\world.cpp(92): warning C4244: 'initializing': conversion from 'T' to 'int', possible loss of data
          with
          [
              T=float
          ]
c:\users\micha\documents\spacestationrescue\spacestationrescue\spacestationrescue\world.cpp(93): warning C4244: 'initializing': conversion from 'T' to 'int', possible loss of data
          with
          [
              T=float
          ]
c:\users\micha\documents\spacestationrescue\spacestationrescue\spacestationrescue\world.cpp(119): warning C4244: 'initializing': conversion from 'T' to 'int', possible loss of data
          with
          [
              T=float
          ]
c:\users\micha\documents\spacestationrescue\spacestationrescue\spacestationrescue\world.cpp(120): warning C4244: 'initializing': conversion from 'T' to 'int', possible loss of data
          with
          [
              T=float
          ]
  main.cpp
  Generating Code...
  LINK : C:\Users\micha\Documents\SpaceStationRescue\SpaceStationRescue\Debug\SpaceStationRescue.exe not found or not built by the last incremental link; performing full link
  SpaceStationRescue.vcxproj -> C:\Users\micha\Documents\SpaceStationRescue\SpaceStationRescue\Debug\SpaceStationRescue.exe
